<?xml version="1.0" encoding="UTF-8"?>
<testng-results total="1" passed="1" failed="0" skipped="0">
  <reporter-output>
  </reporter-output>
  <suite started-at="2021-01-26T01:59:42Z" name="Front-End Test" finished-at="2021-01-26T02:00:06Z" duration-ms="24461">
    <groups>
      <group name="Regression">
        <method signature="Tests.openBrowser()[pri:0, instance:test.Tests@7ee8290b]" name="openBrowser" class="test.Tests"/>
      </group> <!-- Regression -->
    </groups>
    <test started-at="2021-01-26T01:59:42Z" name="Test Basics 1" finished-at="2021-01-26T02:00:06Z" duration-ms="24461">
      <class name="test.Tests">
        <test-method is-config="true" signature="initiateDriver()[pri:0, instance:test.Tests@7ee8290b]" started-at="2021-01-25T20:59:42Z" name="initiateDriver" finished-at="2021-01-25T20:59:48Z" duration-ms="5816" status="PASS">
          <reporter-output>
          </reporter-output>
        </test-method> <!-- initiateDriver -->
        <test-method signature="openBrowser()[pri:0, instance:test.Tests@7ee8290b]" started-at="2021-01-25T20:59:48Z" name="openBrowser" finished-at="2021-01-25T21:00:06Z" duration-ms="18622" status="PASS">
          <reporter-output>
          </reporter-output>
        </test-method> <!-- openBrowser -->
      </class> <!-- test.Tests -->
    </test> <!-- Test Basics 1 -->
  </suite> <!-- Front-End Test -->
</testng-results>
